2019-04-28 15:57:54.067 [RMI TCP Connection(3)-127.0.0.1] ERROR o.s.b.diagnostics.LoggingFailureAnalysisReporter - 

***************************
APPLICATION FAILED TO START
***************************

Description:

A component required a bean of type 'com.chen.lvyou.service.IAdminService' that could not be found.


Action:

Consider defining a bean of type 'com.chen.lvyou.service.IAdminService' in your configuration.

2019-04-28 16:49:43.200 [http-nio-8080-exec-10] ERROR o.s.boot.web.servlet.support.ErrorPageFilter - Cannot forward to error page for request [/mainlogin] as the response has already been committed. As a result, the response may have the wrong status code. If your application is running on WebSphere Application Server you may be able to resolve this problem by setting com.ibm.ws.webcontainer.invokeFlushAfterService to false
2019-04-28 16:53:36.261 [http-nio-8080-exec-10] ERROR o.s.boot.web.servlet.support.ErrorPageFilter - Cannot forward to error page for request [/mainlogin] as the response has already been committed. As a result, the response may have the wrong status code. If your application is running on WebSphere Application Server you may be able to resolve this problem by setting com.ibm.ws.webcontainer.invokeFlushAfterService to false
2019-04-28 16:58:48.965 [http-nio-8080-exec-2] ERROR o.s.boot.web.servlet.support.ErrorPageFilter - Cannot forward to error page for request [/mainlogin] as the response has already been committed. As a result, the response may have the wrong status code. If your application is running on WebSphere Application Server you may be able to resolve this problem by setting com.ibm.ws.webcontainer.invokeFlushAfterService to false
2019-04-28 17:14:14.797 [RMI TCP Connection(2)-127.0.0.1] ERROR o.s.b.diagnostics.LoggingFailureAnalysisReporter - 

***************************
APPLICATION FAILED TO START
***************************

Description:

A component required a bean of type 'com.chen.lvyou.dao.AdminDao' that could not be found.


Action:

Consider defining a bean of type 'com.chen.lvyou.dao.AdminDao' in your configuration.

2019-04-28 17:20:38.334 [RMI TCP Connection(2)-127.0.0.1] ERROR o.s.b.diagnostics.LoggingFailureAnalysisReporter - 

***************************
APPLICATION FAILED TO START
***************************

Description:

A component required a bean of type 'com.chen.lvyou.dao.AdminDao' that could not be found.


Action:

Consider defining a bean of type 'com.chen.lvyou.dao.AdminDao' in your configuration.

2019-04-28 17:21:34.637 [RMI TCP Connection(4)-127.0.0.1] ERROR o.s.b.diagnostics.LoggingFailureAnalysisReporter - 

***************************
APPLICATION FAILED TO START
***************************

Description:

A component required a bean of type 'com.chen.lvyou.dao.AdminDao' that could not be found.


Action:

Consider defining a bean of type 'com.chen.lvyou.dao.AdminDao' in your configuration.

